<?xml version="1.0" encoding="UTF-8"?>
<!-- Generated by org.testng.reporters.JUnitXMLReporter -->
<testsuite ignored="0" hostname="DESKTOP-Q8RNTEC" failures="1" tests="2" name="Test" time="0.085" errors="0" timestamp="26 Nov 2020 08:58:04 GMT">
  <testcase classname="SampleTests" name="test1" time="0.024"/>
  <testcase classname="SampleTests" name="test2" time="0.004">
    <failure type="java.lang.AssertionError" message="expected [true] but found [false]">
      <![CDATA[java.lang.AssertionError: expected [true] but found [false]
at SampleTests.test2(SampleTests.java:15)
... Removed 29 stack frames]]>
    </failure>
  </testcase> <!-- test2 -->
</testsuite> <!-- Test -->
