<?xml version="1.0" encoding="UTF-8"?>
<!-- Generated by org.testng.reporters.JUnitXMLReporter -->
<testsuite ignored="0" hostname="DESKTOP-Q8RNTEC" failures="1" tests="2" name="Test" time="0.073" errors="0" timestamp="26 Nov 2020 10:42:12 GMT">
  <testcase classname="SampleTests" name="test1" time="0.015"/>
  <testcase classname="SampleTests" name="test2" time="0.002">
    <failure type="java.lang.AssertionError" message="expected [true] but found [false]">
      <![CDATA[java.lang.AssertionError: expected [true] but found [false]
at SampleTests.test2(SampleTests.java:15)
... Removed 32 stack frames]]>
    </failure>
  </testcase> <!-- test2 -->
</testsuite> <!-- Test -->
