-------------------------------------------------------------------------------
Test set: TestSuite
-------------------------------------------------------------------------------
Tests run: 2, Failures: 1, Errors: 0, Skipped: 0, Time elapsed: 18.051 sec <<< FAILURE! - in TestSuite
test2(SampleTests)  Time elapsed: 0.01 sec  <<< FAILURE!
java.lang.AssertionError: expected [true] but found [false]
	at SampleTests.test2(SampleTests.java:15)

